2022-06-07T10:18:42+00:00 INFO Require to run updater..Start Installation/ Update process
2022-06-07T10:18:42+00:00 INFO Needs DB Update?
2022-06-07T10:18:42+00:00 INFO Current DB Version: 4.8.4
2022-06-07T10:18:42+00:00 INFO Database update require. Start updating database
2022-06-07T10:18:42+00:00 INFO Do Update....
2022-06-07T10:18:42+00:00 INFO Current IG ES DB Version: 4.8.4
2022-06-07T10:18:42+00:00 INFO [Queue] ig_es_update_490_alter_contacts_table
2022-06-07T10:18:42+00:00 INFO [Queue] ig_es_update_490_db_version
2022-06-07T10:18:42+00:00 INFO [Queue] ig_es_update_501_migrate_notifications_into_workflows
2022-06-07T10:18:42+00:00 INFO [Queue] ig_es_update_501_db_version
2022-06-07T10:18:42+00:00 INFO [Queue] ig_es_update_503_alter_contacts_table
2022-06-07T10:18:42+00:00 INFO [Queue] ig_es_update_503_alter_sending_queue_table
2022-06-07T10:18:42+00:00 INFO [Queue] ig_es_add_timezone_to_contacts_table
2022-06-07T10:18:42+00:00 INFO [Queue] ig_es_update_503_db_version
2022-06-07T10:18:42+00:00 INFO [Queue] ig_es_update_504_alter_lists_table
2022-06-07T10:18:42+00:00 INFO [Queue] ig_es_update_504_db_version
2022-06-07T10:18:42+00:00 INFO [Queue] ig_es_migrate_post_campaigns_list_settings_into_campaign_rules
2022-06-07T10:18:42+00:00 INFO [Queue] ig_es_update_510_db_version
2022-06-07T10:18:42+00:00 INFO [Queue] ig_es_mark_system_workflows
2022-06-07T10:18:42+00:00 INFO [Queue] ig_es_update_538_db_version
2022-06-07T10:18:42+00:00 INFO [Queue] ig_es_update_540_alter_contacts_table
2022-06-07T10:18:42+00:00 INFO [Queue] ig_es_update_540_db_version
2022-06-07T10:18:42+00:00 INFO Yes, we have tasks to process
2022-06-07T10:18:42+00:00 INFO --------------------- Started To Run Task Again---------------------
2022-06-07T10:18:42+00:00 INFO [Processing] ig_es_update_490_alter_contacts_table
2022-06-07T10:18:42+00:00 INFO --- Running Task - ig_es_update_490_alter_contacts_table
2022-06-07T10:18:42+00:00 INFO --- Finished Task - ig_es_update_490_alter_contacts_table 
2022-06-07T10:18:42+00:00 INFO [Processed] ig_es_update_490_alter_contacts_table
2022-06-07T10:18:42+00:00 INFO [Processing] ig_es_update_490_db_version
2022-06-07T10:18:42+00:00 INFO --- Running Task - ig_es_update_490_db_version
2022-06-07T10:18:42+00:00 INFO --- Finished Task - ig_es_update_490_db_version 
2022-06-07T10:18:42+00:00 INFO [Processed] ig_es_update_490_db_version
2022-06-07T10:18:42+00:00 INFO [Processing] ig_es_update_501_migrate_notifications_into_workflows
2022-06-07T10:18:42+00:00 INFO --- Running Task - ig_es_update_501_migrate_notifications_into_workflows
2022-06-07T10:18:42+00:00 INFO --- Finished Task - ig_es_update_501_migrate_notifications_into_workflows 
2022-06-07T10:18:42+00:00 INFO [Processed] ig_es_update_501_migrate_notifications_into_workflows
2022-06-07T10:18:42+00:00 INFO [Processing] ig_es_update_501_db_version
2022-06-07T10:18:42+00:00 INFO --- Running Task - ig_es_update_501_db_version
2022-06-07T10:18:42+00:00 INFO --- Finished Task - ig_es_update_501_db_version 
2022-06-07T10:18:42+00:00 INFO [Processed] ig_es_update_501_db_version
2022-06-07T10:18:42+00:00 INFO [Processing] ig_es_update_503_alter_contacts_table
2022-06-07T10:18:42+00:00 INFO --- Running Task - ig_es_update_503_alter_contacts_table
2022-06-07T10:18:43+00:00 INFO --- Finished Task - ig_es_update_503_alter_contacts_table 
2022-06-07T10:18:43+00:00 INFO [Processed] ig_es_update_503_alter_contacts_table
2022-06-07T10:18:43+00:00 INFO [Processing] ig_es_update_503_alter_sending_queue_table
2022-06-07T10:18:43+00:00 INFO --- Running Task - ig_es_update_503_alter_sending_queue_table
2022-06-07T10:18:43+00:00 INFO --- Finished Task - ig_es_update_503_alter_sending_queue_table 
2022-06-07T10:18:43+00:00 INFO [Processed] ig_es_update_503_alter_sending_queue_table
2022-06-07T10:18:43+00:00 INFO [Processing] ig_es_add_timezone_to_contacts_table
2022-06-07T10:18:43+00:00 INFO --- Running Task - ig_es_add_timezone_to_contacts_table
2022-06-07T10:18:44+00:00 INFO --- Finished Task - ig_es_add_timezone_to_contacts_table 
2022-06-07T10:18:44+00:00 INFO [Processed] ig_es_add_timezone_to_contacts_table
2022-06-07T10:18:44+00:00 INFO [Processing] ig_es_update_503_db_version
2022-06-07T10:18:44+00:00 INFO --- Running Task - ig_es_update_503_db_version
2022-06-07T10:18:44+00:00 INFO --- Finished Task - ig_es_update_503_db_version 
2022-06-07T10:18:44+00:00 INFO [Processed] ig_es_update_503_db_version
2022-06-07T10:18:44+00:00 INFO [Processing] ig_es_update_504_alter_lists_table
2022-06-07T10:18:44+00:00 INFO --- Running Task - ig_es_update_504_alter_lists_table
2022-06-07T10:18:44+00:00 INFO --- Finished Task - ig_es_update_504_alter_lists_table 
2022-06-07T10:18:44+00:00 INFO [Processed] ig_es_update_504_alter_lists_table
2022-06-07T10:18:44+00:00 INFO [Processing] ig_es_update_504_db_version
2022-06-07T10:18:44+00:00 INFO --- Running Task - ig_es_update_504_db_version
2022-06-07T10:18:44+00:00 INFO --- Finished Task - ig_es_update_504_db_version 
2022-06-07T10:18:44+00:00 INFO [Processed] ig_es_update_504_db_version
2022-06-07T10:18:44+00:00 INFO [Processing] ig_es_migrate_post_campaigns_list_settings_into_campaign_rules
2022-06-07T10:18:44+00:00 INFO --- Running Task - ig_es_migrate_post_campaigns_list_settings_into_campaign_rules
2022-06-07T10:18:44+00:00 INFO --- Finished Task - ig_es_migrate_post_campaigns_list_settings_into_campaign_rules 
2022-06-07T10:18:44+00:00 INFO [Processed] ig_es_migrate_post_campaigns_list_settings_into_campaign_rules
2022-06-07T10:18:44+00:00 INFO [Processing] ig_es_update_510_db_version
2022-06-07T10:18:44+00:00 INFO --- Running Task - ig_es_update_510_db_version
2022-06-07T10:18:44+00:00 INFO --- Finished Task - ig_es_update_510_db_version 
2022-06-07T10:18:44+00:00 INFO [Processed] ig_es_update_510_db_version
2022-06-07T10:18:44+00:00 INFO [Processing] ig_es_mark_system_workflows
2022-06-07T10:18:44+00:00 INFO --- Running Task - ig_es_mark_system_workflows
2022-06-07T10:18:44+00:00 INFO --- Finished Task - ig_es_mark_system_workflows 
2022-06-07T10:18:44+00:00 INFO [Processed] ig_es_mark_system_workflows
2022-06-07T10:18:44+00:00 INFO [Processing] ig_es_update_538_db_version
2022-06-07T10:18:44+00:00 INFO --- Running Task - ig_es_update_538_db_version
2022-06-07T10:18:44+00:00 INFO --- Finished Task - ig_es_update_538_db_version 
2022-06-07T10:18:44+00:00 INFO [Processed] ig_es_update_538_db_version
2022-06-07T10:18:44+00:00 INFO [Processing] ig_es_update_540_alter_contacts_table
2022-06-07T10:18:44+00:00 INFO --- Running Task - ig_es_update_540_alter_contacts_table
2022-06-07T10:18:44+00:00 INFO --- Finished Task - ig_es_update_540_alter_contacts_table 
2022-06-07T10:18:44+00:00 INFO [Processed] ig_es_update_540_alter_contacts_table
2022-06-07T10:18:44+00:00 INFO [Processing] ig_es_update_540_db_version
2022-06-07T10:18:44+00:00 INFO --- Running Task - ig_es_update_540_db_version
2022-06-07T10:18:44+00:00 INFO --- Finished Task - ig_es_update_540_db_version 
2022-06-07T10:18:44+00:00 INFO [Processed] ig_es_update_540_db_version
